<?xml version="1.0" encoding="UTF-8"?>
<testsuites>
  <testsuite name="discovery" timestamp="2023-12-20T21:02:27Z" hostname="79a473eb56d5" tests="7" skipped="0" failures="0" errors="0" time="19.126">
    <testcase time="0.373" classname="discovery" name="discovery_DATASET_is_consistent"/>
    <testcase time="0.0740000000000001" classname="discovery" name="discovery_DATASET_is_consistent"/>
    <testcase time="0.016" classname="discovery" name="discovery_DATASET_is_consistent"/>
    <testcase time="0.004" classname="discovery" name="discovery_DATASET_is_consistent"/>
    <testcase time="0.818" classname="discovery" name="Warn_for_Deprecated_Supersded_Functions"/>
    <testcase time="0.674" classname="discovery" name="Warn_for_Deprecated_Supersded_Functions"/>
    <testcase time="17.167" classname="discovery" name="Check_Valid_URLs"/>
  </testsuite>
</testsuites>
