<?xml version="1.0" encoding="UTF-8"?>
<testsuites>
  <testsuite name="discovery" timestamp="2024-01-26T16:06:52Z" hostname="20cf9becdf0c" tests="7" skipped="0" failures="0" errors="0" time="25.487">
    <testcase time="0.355" classname="discovery" name="discovery_DATASET_is_consistent"/>
    <testcase time="0.091" classname="discovery" name="discovery_DATASET_is_consistent"/>
    <testcase time="0.016" classname="discovery" name="discovery_DATASET_is_consistent"/>
    <testcase time="0.002" classname="discovery" name="discovery_DATASET_is_consistent"/>
    <testcase time="0.817" classname="discovery" name="Warn_for_Deprecated_Superseded_Functions"/>
    <testcase time="0.674" classname="discovery" name="Warn_for_Deprecated_Superseded_Functions"/>
    <testcase time="23.532" classname="discovery" name="Check_Valid_URLs"/>
  </testsuite>
</testsuites>
