<?xml version="1.0" encoding="UTF-8"?>
<testsuites>
  <testsuite name="discovery" timestamp="2024-01-26T14:58:14Z" hostname="d50f3fbfbffa" tests="7" skipped="0" failures="0" errors="0" time="13.09">
    <testcase time="0.343" classname="discovery" name="discovery_DATASET_is_consistent"/>
    <testcase time="0.087" classname="discovery" name="discovery_DATASET_is_consistent"/>
    <testcase time="0.015" classname="discovery" name="discovery_DATASET_is_consistent"/>
    <testcase time="0.003" classname="discovery" name="discovery_DATASET_is_consistent"/>
    <testcase time="0.804" classname="discovery" name="Warn_for_Deprecated_Superseded_Functions"/>
    <testcase time="0.659" classname="discovery" name="Warn_for_Deprecated_Superseded_Functions"/>
    <testcase time="11.179" classname="discovery" name="Check_Valid_URLs"/>
  </testsuite>
</testsuites>
