<?xml version="1.0" encoding="UTF-8"?>
<testsuites>
  <testsuite name="discovery" timestamp="2024-01-24T21:29:38Z" hostname="d50c6b71747a" tests="7" skipped="0" failures="0" errors="0" time="12.58">
    <testcase time="0.375" classname="discovery" name="discovery_DATASET_is_consistent"/>
    <testcase time="0.09" classname="discovery" name="discovery_DATASET_is_consistent"/>
    <testcase time="0.017" classname="discovery" name="discovery_DATASET_is_consistent"/>
    <testcase time="0.003" classname="discovery" name="discovery_DATASET_is_consistent"/>
    <testcase time="0.836" classname="discovery" name="Warn_for_Deprecated_Superseded_Functions"/>
    <testcase time="0.678" classname="discovery" name="Warn_for_Deprecated_Superseded_Functions"/>
    <testcase time="10.581" classname="discovery" name="Check_Valid_URLs"/>
  </testsuite>
</testsuites>
