<?xml version="1.0" encoding="UTF-8"?>
<testsuites>
  <testsuite name="discover" timestamp="2023-12-01T18:59:00Z" hostname="a6c28459e75e" tests="1" skipped="0" failures="0" errors="0" time="62.91">
    <testcase time="62.91" classname="discover" name="Check_Valid_URLs"/>
  </testsuite>
</testsuites>
