<?xml version="1.0" encoding="UTF-8"?>
<testsuites>
  <testsuite name="discover" timestamp="2023-12-01T17:28:41Z" hostname="bc8ed669c923" tests="1" skipped="0" failures="0" errors="0" time="65.29">
    <testcase time="65.29" classname="discover" name="Check_Valid_URLs"/>
  </testsuite>
</testsuites>
