<?xml version="1.0" encoding="UTF-8"?>
<testsuites>
  <testsuite name="discovery" timestamp="2024-01-23T19:12:04Z" hostname="2a9bb1472336" tests="7" skipped="0" failures="0" errors="0" time="15.37">
    <testcase time="0.351" classname="discovery" name="discovery_DATASET_is_consistent"/>
    <testcase time="0.086" classname="discovery" name="discovery_DATASET_is_consistent"/>
    <testcase time="0.015" classname="discovery" name="discovery_DATASET_is_consistent"/>
    <testcase time="0.003" classname="discovery" name="discovery_DATASET_is_consistent"/>
    <testcase time="0.814" classname="discovery" name="Warn_for_Deprecated_Superseded_Functions"/>
    <testcase time="0.667" classname="discovery" name="Warn_for_Deprecated_Superseded_Functions"/>
    <testcase time="13.434" classname="discovery" name="Check_Valid_URLs"/>
  </testsuite>
</testsuites>
