<?xml version="1.0" encoding="UTF-8"?>
<testsuites>
  <testsuite name="discovery" timestamp="2024-01-23T16:42:47Z" hostname="d3360e24c6d8" tests="7" skipped="0" failures="0" errors="0" time="26.565">
    <testcase time="0.389" classname="discovery" name="discovery_DATASET_is_consistent"/>
    <testcase time="0.0930000000000001" classname="discovery" name="discovery_DATASET_is_consistent"/>
    <testcase time="0.016" classname="discovery" name="discovery_DATASET_is_consistent"/>
    <testcase time="0.003" classname="discovery" name="discovery_DATASET_is_consistent"/>
    <testcase time="0.829" classname="discovery" name="Warn_for_Deprecated_Superseded_Functions"/>
    <testcase time="0.68" classname="discovery" name="Warn_for_Deprecated_Superseded_Functions"/>
    <testcase time="24.555" classname="discovery" name="Check_Valid_URLs"/>
  </testsuite>
</testsuites>
