<?xml version="1.0" encoding="UTF-8"?>
<testsuites>
  <testsuite name="discover" timestamp="2023-11-30T14:27:18Z" hostname="caf7e26ec39b" tests="1" skipped="0" failures="0" errors="0" time="49.996">
    <testcase time="49.996" classname="discover" name="Check_Valid_URLs"/>
  </testsuite>
</testsuites>
