<?xml version="1.0" encoding="UTF-8"?>
<testsuites>
  <testsuite name="discovery" timestamp="2024-01-19T23:27:52Z" hostname="5610c8163ac0" tests="7" skipped="0" failures="0" errors="0" time="15.062">
    <testcase time="0.385" classname="discovery" name="discovery_DATASET_is_consistent"/>
    <testcase time="0.0740000000000001" classname="discovery" name="discovery_DATASET_is_consistent"/>
    <testcase time="0.016" classname="discovery" name="discovery_DATASET_is_consistent"/>
    <testcase time="0.004" classname="discovery" name="discovery_DATASET_is_consistent"/>
    <testcase time="0.826" classname="discovery" name="Warn_for_Deprecated_Superseded_Functions"/>
    <testcase time="0.678" classname="discovery" name="Warn_for_Deprecated_Superseded_Functions"/>
    <testcase time="13.079" classname="discovery" name="Check_Valid_URLs"/>
  </testsuite>
</testsuites>
