<?xml version="1.0" encoding="UTF-8"?>
<testsuites>
  <testsuite name="discovery" timestamp="2024-01-19T17:22:07Z" hostname="f39befbfd233" tests="7" skipped="0" failures="0" errors="0" time="13.488">
    <testcase time="0.364" classname="discovery" name="discovery_DATASET_is_consistent"/>
    <testcase time="0.0710000000000001" classname="discovery" name="discovery_DATASET_is_consistent"/>
    <testcase time="0.016" classname="discovery" name="discovery_DATASET_is_consistent"/>
    <testcase time="0.004" classname="discovery" name="discovery_DATASET_is_consistent"/>
    <testcase time="0.831" classname="discovery" name="Warn_for_Deprecated_Superseded_Functions"/>
    <testcase time="0.665" classname="discovery" name="Warn_for_Deprecated_Superseded_Functions"/>
    <testcase time="11.537" classname="discovery" name="Check_Valid_URLs"/>
  </testsuite>
</testsuites>
