<?xml version="1.0" encoding="UTF-8"?>
<testsuites>
  <testsuite name="discover" timestamp="2023-11-30T16:29:00Z" hostname="0fe4866c1032" tests="1" skipped="0" failures="0" errors="0" time="68.667">
    <testcase time="68.667" classname="discover" name="Check_Valid_URLs"/>
  </testsuite>
</testsuites>
