<?xml version="1.0" encoding="UTF-8"?>
<testsuites>
  <testsuite name="discover" timestamp="2023-12-07T05:35:07Z" hostname="b63a90bb633b" tests="1" skipped="0" failures="0" errors="0" time="68.79">
    <testcase time="68.79" classname="discover" name="Check_Valid_URLs"/>
  </testsuite>
</testsuites>
