<?xml version="1.0" encoding="UTF-8"?>
<testsuites>
  <testsuite name="discover" timestamp="2023-11-20T03:37:40Z" hostname="cdb9de55cc5a" tests="1" skipped="0" failures="0" errors="0" time="68.065">
    <testcase time="68.065" classname="discover" name="Check_Valid_URLs"/>
  </testsuite>
</testsuites>
