<?xml version="1.0" encoding="UTF-8"?>
<testsuites>
  <testsuite name="discovery" timestamp="2024-01-23T19:17:01Z" hostname="382c932712ff" tests="7" skipped="0" failures="0" errors="0" time="25.74">
    <testcase time="0.34" classname="discovery" name="discovery_DATASET_is_consistent"/>
    <testcase time="0.086" classname="discovery" name="discovery_DATASET_is_consistent"/>
    <testcase time="0.015" classname="discovery" name="discovery_DATASET_is_consistent"/>
    <testcase time="0.003" classname="discovery" name="discovery_DATASET_is_consistent"/>
    <testcase time="0.795" classname="discovery" name="Warn_for_Deprecated_Superseded_Functions"/>
    <testcase time="0.666" classname="discovery" name="Warn_for_Deprecated_Superseded_Functions"/>
    <testcase time="23.835" classname="discovery" name="Check_Valid_URLs"/>
  </testsuite>
</testsuites>
