<?xml version="1.0" encoding="UTF-8"?>
<testsuites>
  <testsuite name="discovery" timestamp="2023-12-20T20:57:57Z" hostname="a751d4a1b20d" tests="7" skipped="0" failures="0" errors="0" time="12.237">
    <testcase time="0.384" classname="discovery" name="discovery_DATASET_is_consistent"/>
    <testcase time="0.0750000000000001" classname="discovery" name="discovery_DATASET_is_consistent"/>
    <testcase time="0.0169999999999999" classname="discovery" name="discovery_DATASET_is_consistent"/>
    <testcase time="0.003" classname="discovery" name="discovery_DATASET_is_consistent"/>
    <testcase time="0.814" classname="discovery" name="Warn_for_Deprecated_Supersded_Functions"/>
    <testcase time="0.673" classname="discovery" name="Warn_for_Deprecated_Supersded_Functions"/>
    <testcase time="10.271" classname="discovery" name="Check_Valid_URLs"/>
  </testsuite>
</testsuites>
