<?xml version="1.0" encoding="UTF-8"?>
<testsuites>
  <testsuite name="discovery" timestamp="2024-01-29T16:12:47Z" hostname="8157547b5668" tests="7" skipped="0" failures="0" errors="0" time="19.575">
    <testcase time="0.397" classname="discovery" name="discovery_DATASET_is_consistent"/>
    <testcase time="0.0930000000000001" classname="discovery" name="discovery_DATASET_is_consistent"/>
    <testcase time="0.0169999999999999" classname="discovery" name="discovery_DATASET_is_consistent"/>
    <testcase time="0.002" classname="discovery" name="discovery_DATASET_is_consistent"/>
    <testcase time="0.851" classname="discovery" name="Warn_for_Deprecated_Superseded_Functions"/>
    <testcase time="0.692" classname="discovery" name="Warn_for_Deprecated_Superseded_Functions"/>
    <testcase time="17.523" classname="discovery" name="Check_Valid_URLs"/>
  </testsuite>
</testsuites>
