<?xml version="1.0" encoding="UTF-8"?>
<testsuites>
  <testsuite name="discovery" timestamp="2023-12-19T15:35:14Z" hostname="b7fc67f5cc95" tests="7" skipped="0" failures="0" errors="0" time="14.871">
    <testcase time="0.366" classname="discovery" name="discovery_DATASET_is_consistent"/>
    <testcase time="0.0720000000000001" classname="discovery" name="discovery_DATASET_is_consistent"/>
    <testcase time="0.016" classname="discovery" name="discovery_DATASET_is_consistent"/>
    <testcase time="0.004" classname="discovery" name="discovery_DATASET_is_consistent"/>
    <testcase time="0.798" classname="discovery" name="Warn_for_Deprecated_Supersded_Functions"/>
    <testcase time="0.664" classname="discovery" name="Warn_for_Deprecated_Supersded_Functions"/>
    <testcase time="12.951" classname="discovery" name="Check_Valid_URLs"/>
  </testsuite>
</testsuites>
